2024-02-09 16:06:38 - [INFO] - JORGE NÚÑEZ DE : PERSON
2024-02-09 16:06:38 - [INFO] - 687899265 : CARDINAL
2024-02-09 16:06:38 - [INFO] - EXPERIENCIA : ORG
2024-02-09 16:06:38 - [INFO] - SwitchFleet : ORG
2024-02-09 16:06:38 - [INFO] - Madrid : GPE
2024-02-09 16:06:38 - [INFO] - España
Intern Data Scientist
Noviembre : PERSON
2024-02-09 16:06:38 - [INFO] - 2023 : DATE
2024-02-09 16:06:38 - [INFO] - • Realización de : PRODUCT
2024-02-09 16:06:38 - [INFO] - las librerías Bs4 : PERSON
2024-02-09 16:06:38 - [INFO] - Capgemini : GPE
2024-02-09 16:06:38 - [INFO] - Valencia : PERSON
2024-02-09 16:06:38 - [INFO] - 2022 : DATE
2024-02-09 16:06:38 - [INFO] - 2023 : DATE
2024-02-09 16:06:38 - [INFO] - SQL : ORG
2024-02-09 16:06:38 - [INFO] - • Miembro de un : PRODUCT
2024-02-09 16:06:38 - [INFO] - Madrid : GPE
2024-02-09 16:06:38 - [INFO] - España
Máster en Big Data : PERSON
2024-02-09 16:06:38 - [INFO] - Tecnología : PERSON
2024-02-09 16:06:38 - [INFO] - Analítica Avanzada : PERSON
2024-02-09 16:06:38 - [INFO] - 2023 : DATE
2024-02-09 16:06:38 - [INFO] - 2024 : DATE
2024-02-09 16:06:38 - [INFO] - Adquisición : PERSON
2024-02-09 16:06:38 - [INFO] - transformación de datos : PERSON
2024-02-09 16:06:38 - [INFO] - Análisis de : PERSON
2024-02-09 16:06:38 - [INFO] - Arquitectura Big Data : ORG
2024-02-09 16:06:38 - [INFO] - Arquitecturas : PERSON
2024-02-09 16:06:38 - [INFO] - administración de sistemas : PERSON
2024-02-09 16:06:38 - [INFO] - gobierno del dato : PERSON
2024-02-09 16:06:38 - [INFO] - Casos de estudio : ORG
2024-02-09 16:06:38 - [INFO] - Fundamentos matemáticos del : PERSON
2024-02-09 16:06:38 - [INFO] - Machine Learning : PERSON
2024-02-09 16:06:38 - [INFO] - Procesamiento : GPE
2024-02-09 16:06:38 - [INFO] - Sistemas de : PERSON
2024-02-09 16:06:38 - [INFO] - SQL : ORG
2024-02-09 16:06:38 - [INFO] - Tecnologías de Procesamiento : PERSON
2024-02-09 16:06:38 - [INFO] - Visualización : GPE
2024-02-09 16:06:38 - [INFO] - Universidad de Valencia
Valencia : PERSON
2024-02-09 16:06:38 - [INFO] - España
Grado : PERSON
2024-02-09 16:06:38 - [INFO] - Matemáticas
Septiembre : ORG
2024-02-09 16:06:38 - [INFO] - 2019 : DATE
2024-02-09 16:06:38 - [INFO] - Junio : PERSON
2024-02-09 16:06:38 - [INFO] - 2023 : DATE
2024-02-09 16:06:38 - [INFO] - • Adquisición de habilidades analíticas : PERSON
2024-02-09 16:06:38 - [INFO] - para la : FAC
2024-02-09 16:06:38 - [INFO] - Modelización estadística : PERSON
2024-02-09 16:06:38 - [INFO] - Métodos numéricos : ORG
2024-02-09 16:06:38 - [INFO] - Grasp : PRODUCT
2024-02-09 16:06:38 - [INFO] - TSP : ORG
2024-02-09 16:06:38 - [INFO] - IDIOMAS : ORG
2024-02-09 16:06:38 - [INFO] - • Valenciano : PRODUCT
2024-02-09 16:06:38 - [INFO] - Segunda Lengua : PERSON
2024-02-09 16:06:38 - [INFO] - Permiso de : PERSON
2024-02-09 16:06:38 - [INFO] - 2020 : DATE
2024-02-09 16:06:38 - [INFO] - Acomar : PERSON
2024-02-09 16:06:38 - [INFO] - de Personas : PERSON
2024-02-09 16:06:38 - [INFO] - marginadas de Alicante : PERSON
2024-02-09 16:06:38 - [INFO] - 2017 : DATE
2024-02-09 16:06:38 - [INFO] - Actualidad : GPE
